2025-12-01 12:16:20,098 p=1353 u=ahd194 n=ansible | PLAY [Full cluster setup] **************************************************************************************************************************************************************************************************************************************************************
2025-12-01 12:16:50,301 p=1353 u=ahd194 n=ansible | TASK [Gathering Facts] *****************************************************************************************************************************************************************************************************************************************************************
2025-12-01 12:16:50,303 p=1353 u=ahd194 n=ansible | fatal: [master]: UNREACHABLE! => changed=false 
  msg: 'Failed to connect to the host via ssh: ssh: connect to host 192.168.1.10 port 22: Connection timed out'
  unreachable: true
2025-12-01 12:16:50,666 p=1353 u=ahd194 n=ansible | fatal: [node1]: UNREACHABLE! => changed=false 
  msg: 'Failed to connect to the host via ssh: ssh: connect to host 192.168.1.11 port 22: Connection timed out'
  unreachable: true
2025-12-01 12:16:50,668 p=1353 u=ahd194 n=ansible | NO MORE HOSTS LEFT *********************************************************************************************************************************************************************************************************************************************************************
2025-12-01 12:16:50,670 p=1353 u=ahd194 n=ansible | PLAY RECAP *****************************************************************************************************************************************************************************************************************************************************************************
2025-12-01 12:16:50,671 p=1353 u=ahd194 n=ansible | master                     : ok=0    changed=0    unreachable=1    failed=0    skipped=0    rescued=0    ignored=0   
2025-12-01 12:16:50,672 p=1353 u=ahd194 n=ansible | node1                      : ok=0    changed=0    unreachable=1    failed=0    skipped=0    rescued=0    ignored=0   
2025-12-01 13:03:23,973 p=1420 u=ahd194 n=ansible | ERROR! the playbook: site.yml could not be found
2025-12-01 13:06:18,710 p=1427 u=ahd194 n=ansible | ERROR! We were unable to read either as JSON nor YAML, these are the errors we got from each:
JSON: Expecting value: line 1 column 1 (char 0)

Syntax Error while loading YAML.
  mapping values are not allowed in this context

The error appears to be in '/mnt/c/Users/chrbjo/OneDrive - Telia Company/Documents/GitHub/ansible_k8s_repo/playbooks/site.yml': line 3, column 8, but may
be elsewhere in the file depending on the exact syntax problem.

The offending line appears to be:

 name: Full cluster setup
  hosts: all
       ^ here

